<?xml version="1.0" encoding="UTF-8"?>
<testsuite xmlns:xsi="http://www.w3.org/2001/XMLSchema-instance" xsi:noNamespaceSchemaLocation="https://maven.apache.org/surefire/maven-surefire-plugin/xsd/surefire-test-report-3.0.xsd" version="3.0" name="com.sap.ai.sdk.core.client.ExecutionUnitTest" time="0.035" tests="2" errors="0" skipped="0" failures="0">
  <properties>
[...]
</properties>
  <testcase name="testPostExecution" classname="com.sap.ai.sdk.core.client.ExecutionUnitTest" time="0.011">
    <system-err><![CDATA[[main] INFO org.eclipse.jetty.server.Server - jetty-11.0.20; built: 2024-01-29T21:04:22.394Z; git: 922f8dc188f7011e60d0361de585fd4ac4d63064; jvm 22.0.1
[main] INFO org.eclipse.jetty.server.handler.ContextHandler - Started o.e.j.s.ServletContextHandler@5efeb117{/__admin,null,AVAILABLE}
[main] INFO org.eclipse.jetty.server.handler.ContextHandler.ROOT - RequestHandlerClass from context returned com.github.tomakehurst.wiremock.http.StubRequestHandler. Normalized mapped under returned 'null'
[main] INFO org.eclipse.jetty.server.handler.ContextHandler - Started o.e.j.s.ServletContextHandler@160b4809{/,null,AVAILABLE}
[main] INFO org.eclipse.jetty.server.AbstractConnector - Started NetworkTrafficServerConnector@1af4955e{HTTP/1.1, (http/1.1, h2c)}{0.0.0.0:56917}
[main] INFO org.eclipse.jetty.server.Server - Started Server@35dece42{STARTING}[11.0.20,sto=1000] @1493ms
]]></system-err>
  </testcase>
  <testcase name="testGetExecutions" classname="com.sap.ai.sdk.core.client.ExecutionUnitTest" time="0.014"/>
</testsuite>